==========================================================
Log started at 2025-04-06 10:30:03
R version: R version 4.4.3 (2025-02-28 ucrt)
Platform: x86_64-w64-mingw32
Working directory: C:/Users/timor/LocalGit/R-logging-framework
Log level: INFO
==========================================================
[2025-04-06 10:30:03] [INFO] This message only goes to the file log
[2025-04-06 10:30:03] [DEBUG] Now this debug message will appear
==========================================================
Log started at 2025-04-06 10:30:41
R version: R version 4.4.3 (2025-02-28 ucrt)
Platform: x86_64-w64-mingw32
Working directory: C:/Users/timor/LocalGit/R-logging-framework
Log level: INFO
==========================================================
[2025-04-06 10:30:41] [INFO] This message only goes to the file log
[2025-04-06 10:30:41] [DEBUG] Now this debug message will appear
==========================================================
Log started at 2025-04-06 10:31:02
R version: R version 4.4.3 (2025-02-28 ucrt)
Platform: x86_64-w64-mingw32
Working directory: C:/Users/timor/LocalGit/R-logging-framework
Log level: INFO
==========================================================
[2025-04-06 10:31:02] [INFO] This message only goes to the file log
[2025-04-06 10:31:02] [DEBUG] Now this debug message will appear
==========================================================
Log started at 2025-04-06 10:31:20
R version: R version 4.4.3 (2025-02-28 ucrt)
Platform: x86_64-w64-mingw32
Working directory: C:/Users/timor/LocalGit/R-logging-framework
Log level: INFO
==========================================================
[2025-04-06 10:31:20] [INFO] This message only goes to the file log
[2025-04-06 10:31:20] [DEBUG] Now this debug message will appear
==========================================================
Log started at 2025-04-06 10:31:46
R version: R version 4.4.3 (2025-02-28 ucrt)
Platform: x86_64-w64-mingw32
Working directory: C:/Users/timor/LocalGit/R-logging-framework
Log level: INFO
==========================================================
[2025-04-06 10:31:46] [INFO] This message only goes to the file log
[2025-04-06 10:31:46] [DEBUG] Now this debug message will appear
==========================================================
Log started at 2025-04-06 10:32:18
R version: R version 4.4.3 (2025-02-28 ucrt)
Platform: x86_64-w64-mingw32
Working directory: C:/Users/timor/LocalGit/R-logging-framework
Log level: INFO
==========================================================
[2025-04-06 10:32:18] [INFO] This message only goes to the file log
[2025-04-06 10:32:18] [DEBUG] Now this debug message will appear
