==========================================================
Log started at 2025-04-06 12:03:34
R version: R version 4.4.3 (2025-02-28 ucrt)
Platform: x86_64-w64-mingw32
Working directory: C:/Users/timor/LocalGit/R-logging-framework
Log level: INFO
==========================================================
[2025-04-06 12:03:36] [INFO] This message goes to both loggers
[2025-04-06 12:03:38] [WARN] This warning appears in both systems
[2025-04-06 12:03:40] [ERROR] This error is logged everywhere
==========================================================
Log started at 2025-04-06 12:04:58
R version: R version 4.4.3 (2025-02-28 ucrt)
Platform: x86_64-w64-mingw32
Working directory: C:/Users/timor/LocalGit/R-logging-framework
Log level: INFO
==========================================================
[2025-04-06 12:04:59] [INFO] This message goes to both loggers
[2025-04-06 12:04:59] [WARN] This warning appears in both systems
[2025-04-06 12:04:59] [ERROR] This error is logged everywhere
